<?xml version="1.0" encoding="UTF-8"?>
<testsuite name="singleton.MainboardTest" tests="1" skipped="0" failures="0" errors="0" timestamp="2022-09-08T07:01:44" hostname="T000c0d570" time="0.016">
  <properties/>
  <testcase name="retrieveSingletonTwice_expectSameObject()" classname="singleton.MainboardTest" time="0.016"/>
  <system-out><![CDATA[This is a mainboard platine: Mainboard@197bff45
Initializing hardware system Mainboard@197bff45
Initializing hardware system Mainboard@197bff45
]]></system-out>
  <system-err><![CDATA[]]></system-err>
</testsuite>
